<?xml version="1.0" encoding="UTF-8"?>
<!-- Generated by org.testng.reporters.JUnitReportReporter -->
<testsuite skipped="0" hostname="EPINPUNW0026" name="com.epam.selenium.testcases.GoogleHomePageTest" tests="1" failures="0" timestamp="08 Oct 2018 13:27:44 GMT" time="10.392" errors="0">
  <testcase name="testSearchText" time="10.392" classname="com.epam.selenium.testcases.GoogleHomePageTest"/>
</testsuite> <!-- com.epam.selenium.testcases.GoogleHomePageTest -->
