<?xml version="1.0" encoding="UTF-8"?>
<!-- Generated by org.testng.reporters.JUnitReportReporter -->
<testsuite skipped="0" hostname="EPINPUNW0026" name="com.epam.selenium.testcases.GoogleSearchPageTest" tests="1" failures="0" timestamp="10 Oct 2018 07:41:07 GMT" time="9.336" errors="0">
  <testcase name="testCompanyAddress" time="9.336" classname="com.epam.selenium.testcases.GoogleSearchPageTest"/>
</testsuite> <!-- com.epam.selenium.testcases.GoogleSearchPageTest -->
